Added Component: Designator=BAN PHIM(CON8)
Add component (AddParameter): Name = "Value"; Value = "Connector 8"; VariantName = "[No Variations]"
Added Component: Designator=BT1(SW4)
Added Component: Designator=BT?(SW4)
Added Component: Designator=BZZ1(buzzer 5V)
Added Component: Designator=C1(CN1)
Added Component: Designator=C2(C3MM)
Add component (AddParameter): Name = "LatestRevisionDate"; Value = "17-Jul-2002"; VariantName = "[No Variations]"
Add component (AddParameter): Name = "LatestRevisionNote"; Value = "Re-released for DXP Platform."; VariantName = "[No Variations]"
Add component (AddParameter): Name = "PackageReference"; Value = "POLAR0.8"; VariantName = "[No Variations]"
Add component (AddParameter): Name = "Published"; Value = "8-Jun-2000"; VariantName = "[No Variations]"
Add component (AddParameter): Name = "Publisher"; Value = "Altium Limited"; VariantName = "[No Variations]"
Added Component: Designator=C3(C3MM)
Add component (AddParameter): Name = "LatestRevisionDate"; Value = "17-Jul-2002"; VariantName = "[No Variations]"
Add component (AddParameter): Name = "LatestRevisionNote"; Value = "Re-released for DXP Platform."; VariantName = "[No Variations]"
Add component (AddParameter): Name = "PackageReference"; Value = "POLAR0.8"; VariantName = "[No Variations]"
Add component (AddParameter): Name = "Published"; Value = "8-Jun-2000"; VariantName = "[No Variations]"
Add component (AddParameter): Name = "Publisher"; Value = "Altium Limited"; VariantName = "[No Variations]"
Added Component: Designator=C4(CN1)
Added Component: Designator=C5(CN1)
Added Component: Designator=C?(CN1)
Added Component: Designator=CAM BIEN VAN TAY(CON4)
Add component (AddParameter): Name = "Value"; Value = "Connector 4"; VariantName = "[No Variations]"
Added Component: Designator=D1(D1A)
Add component (AddParameter): Name = "Value"; Value = "1N4007"; VariantName = "[No Variations]"
Added Component: Designator=D2(LED-5)
Added Component: Designator=HD1(HED2)
Add component (AddParameter): Name = "Value"; Value = "Header 2"; VariantName = "[No Variations]"
Added Component: Designator=IC1(QTO-220)
Add component (AddParameter): Name = "Value"; Value = "LM7805"; VariantName = "[No Variations]"
Added Component: Designator=LCD1(LCD16X2)
Add component (AddParameter): Name = "Value"; Value = "LCD16x2A"; VariantName = "[No Variations]"
Added Component: Designator=MRC522(CON8)
Add component (AddParameter): Name = "Value"; Value = "Connector 8"; VariantName = "[No Variations]"
Added Component: Designator=ON/OFF1(DC-IN)
Added Component: Designator=R1(DIEN TRO 1/4 W)
Add component (AddParameter): Name = "LatestRevisionDate"; Value = "17-Jul-2002"; VariantName = "[No Variations]"
Add component (AddParameter): Name = "LatestRevisionNote"; Value = "Re-released for DXP Platform."; VariantName = "[No Variations]"
Add component (AddParameter): Name = "PackageReference"; Value = "AXIAL-0.4"; VariantName = "[No Variations]"
Add component (AddParameter): Name = "Published"; Value = "8-Jun-2000"; VariantName = "[No Variations]"
Add component (AddParameter): Name = "Publisher"; Value = "Altium Limited"; VariantName = "[No Variations]"
Add component (AddParameter): Name = "Value"; Value = "R"; VariantName = "[No Variations]"
Added Component: Designator=R2(DIEN TRO 1/4 W)
Add component (AddParameter): Name = "LatestRevisionDate"; Value = "17-Jul-2002"; VariantName = "[No Variations]"
Add component (AddParameter): Name = "LatestRevisionNote"; Value = "Re-released for DXP Platform."; VariantName = "[No Variations]"
Add component (AddParameter): Name = "PackageReference"; Value = "AXIAL-0.4"; VariantName = "[No Variations]"
Add component (AddParameter): Name = "Published"; Value = "8-Jun-2000"; VariantName = "[No Variations]"
Add component (AddParameter): Name = "Publisher"; Value = "Altium Limited"; VariantName = "[No Variations]"
Add component (AddParameter): Name = "Value"; Value = "R"; VariantName = "[No Variations]"
Added Component: Designator=R3(DIEN TRO 1/4 W)
Add component (AddParameter): Name = "LatestRevisionDate"; Value = "17-Jul-2002"; VariantName = "[No Variations]"
Add component (AddParameter): Name = "LatestRevisionNote"; Value = "Re-released for DXP Platform."; VariantName = "[No Variations]"
Add component (AddParameter): Name = "PackageReference"; Value = "AXIAL-0.4"; VariantName = "[No Variations]"
Add component (AddParameter): Name = "Published"; Value = "8-Jun-2000"; VariantName = "[No Variations]"
Add component (AddParameter): Name = "Publisher"; Value = "Altium Limited"; VariantName = "[No Variations]"
Add component (AddParameter): Name = "Value"; Value = "R"; VariantName = "[No Variations]"
Added Component: Designator=RL1(RL_SPDT_10A)
Add component (AddParameter): Name = "Value"; Value = "Relay SPDT, 10A, 12V"; VariantName = "[No Variations]"
Added Component: Designator=STA.TR1(QTO-92)
Add component (AddParameter): Name = "Value"; Value = "C1815"; VariantName = "[No Variations]"
Added Component: Designator=U1(MODULE_ZC323000)
Add component (AddParameter): Name = "Availability"; Value = "Unavailable"; VariantName = "[No Variations]"
Add component (AddParameter): Name = "MF"; Value = "YKS"; VariantName = "[No Variations]"
Add component (AddParameter): Name = "MP"; Value = "ZC323000"; VariantName = "[No Variations]"
Add component (AddParameter): Name = "Package"; Value = "None"; VariantName = "[No Variations]"
Add component (AddParameter): Name = "Price"; Value = "None"; VariantName = "[No Variations]"
Add component (AddParameter): Name = "SnapEDA_Link"; Value = "https://www.snapeda.com/parts/ZC323000/YKS/view-part/725364/?ref=snap"; VariantName = "[No Variations]"
Add component (AddParameter): Name = "Value"; Value = ""; VariantName = "[No Variations]"
Added Component: Designator=VR1(VR)
Add component (AddParameter): Name = "Value"; Value = "VR 10K"; VariantName = "[No Variations]"
Added Pin To Net: NetName=+5 Pin=C3-1
Added Pin To Net: NetName=+5 Pin=C5-2
Added Pin To Net: NetName=+5 Pin=CAM BIEN VAN TAY-4
Added Pin To Net: NetName=+5 Pin=D1-2
Added Pin To Net: NetName=+5 Pin=IC1-3
Added Pin To Net: NetName=+5 Pin=LCD1-2
Added Pin To Net: NetName=+5 Pin=R1-2
Added Pin To Net: NetName=+5 Pin=RL1-5
Added Pin To Net: NetName=+5 Pin=U1-38
Added Pin To Net: NetName=+5 Pin=VR1-1
Added Net: Name=+5
Added Pin To Net: NetName=+12 Pin=C2-1
Added Pin To Net: NetName=+12 Pin=C4-2
Added Pin To Net: NetName=+12 Pin=IC1-1
Added Pin To Net: NetName=+12 Pin=ON/OFF1-1
Added Pin To Net: NetName=+12 Pin=RL1-1
Added Net: Name=+12
Added Pin To Net: NetName=COL1 Pin=BAN PHIM-4
Added Pin To Net: NetName=COL1 Pin=U1-32
Added Net: Name=COL1
Added Pin To Net: NetName=COL2 Pin=BAN PHIM-3
Added Pin To Net: NetName=COL2 Pin=U1-33
Added Net: Name=COL2
Added Pin To Net: NetName=COL3 Pin=BAN PHIM-2
Added Pin To Net: NetName=COL3 Pin=U1-34
Added Net: Name=COL3
Added Pin To Net: NetName=COL4 Pin=BAN PHIM-1
Added Pin To Net: NetName=COL4 Pin=U1-35
Added Net: Name=COL4
Added Pin To Net: NetName=D4 Pin=LCD1-11
Added Pin To Net: NetName=D4 Pin=U1-21
Added Net: Name=D4
Added Pin To Net: NetName=D5 Pin=LCD1-12
Added Pin To Net: NetName=D5 Pin=U1-22
Added Net: Name=D5
Added Pin To Net: NetName=D6 Pin=LCD1-13
Added Pin To Net: NetName=D6 Pin=U1-23
Added Net: Name=D6
Added Pin To Net: NetName=D7 Pin=LCD1-14
Added Pin To Net: NetName=D7 Pin=U1-24
Added Net: Name=D7
Added Pin To Net: NetName=E Pin=LCD1-6
Added Pin To Net: NetName=E Pin=U1-16
Added Net: Name=E
Added Pin To Net: NetName=GND Pin=BT1-1
Added Pin To Net: NetName=GND Pin=BT1-1
Added Pin To Net: NetName=GND Pin=BT?-1
Added Pin To Net: NetName=GND Pin=BT?-1
Added Pin To Net: NetName=GND Pin=BZZ1-2
Added Pin To Net: NetName=GND Pin=C1-1
Added Pin To Net: NetName=GND Pin=C2-2
Added Pin To Net: NetName=GND Pin=C3-2
Added Pin To Net: NetName=GND Pin=C4-1
Added Pin To Net: NetName=GND Pin=C5-1
Added Pin To Net: NetName=GND Pin=C?-1
Added Pin To Net: NetName=GND Pin=CAM BIEN VAN TAY-1
Added Pin To Net: NetName=GND Pin=D2-2
Added Pin To Net: NetName=GND Pin=HD1-2
Added Pin To Net: NetName=GND Pin=IC1-2
Added Pin To Net: NetName=GND Pin=LCD1-1
Added Pin To Net: NetName=GND Pin=LCD1-5
Added Pin To Net: NetName=GND Pin=LCD1-7
Added Pin To Net: NetName=GND Pin=LCD1-8
Added Pin To Net: NetName=GND Pin=LCD1-9
Added Pin To Net: NetName=GND Pin=LCD1-10
Added Pin To Net: NetName=GND Pin=LCD1-16
Added Pin To Net: NetName=GND Pin=MRC522-6
Added Pin To Net: NetName=GND Pin=ON/OFF1-2
Added Pin To Net: NetName=GND Pin=ON/OFF1-3
Added Pin To Net: NetName=GND Pin=STA.TR1-1
Added Pin To Net: NetName=GND Pin=U1-19
Added Pin To Net: NetName=GND Pin=U1-20
Added Pin To Net: NetName=GND Pin=U1-39
Added Pin To Net: NetName=GND Pin=VR1-3
Added Net: Name=GND
Added Pin To Net: NetName=khoa Pin=STA.TR1-3
Added Pin To Net: NetName=khoa Pin=U1-14
Added Net: Name=khoa
Added Pin To Net: NetName=MISO Pin=MRC522-4
Added Pin To Net: NetName=MISO Pin=U1-11
Added Net: Name=MISO
Added Pin To Net: NetName=MOSI Pin=MRC522-3
Added Pin To Net: NetName=MOSI Pin=U1-12
Added Net: Name=MOSI
Added Pin To Net: NetName=NetBT1_2 Pin=BT1-2
Added Pin To Net: NetName=NetBT1_2 Pin=BT1-2
Added Pin To Net: NetName=NetBT1_2 Pin=C1-2
Added Pin To Net: NetName=NetBT1_2 Pin=U1-17
Added Net: Name=NetBT1_2
Added Pin To Net: NetName=NetBT?_2 Pin=BT?-2
Added Pin To Net: NetName=NetBT?_2 Pin=BT?-2
Added Pin To Net: NetName=NetBT?_2 Pin=C?-2
Added Pin To Net: NetName=NetBT?_2 Pin=U1-30
Added Net: Name=NetBT?_2
Added Pin To Net: NetName=NetBZZ1_1 Pin=BZZ1-1
Added Pin To Net: NetName=NetBZZ1_1 Pin=R2-2
Added Net: Name=NetBZZ1_1
Added Pin To Net: NetName=NetD1_1 Pin=D1-1
Added Pin To Net: NetName=NetD1_1 Pin=RL1-4
Added Pin To Net: NetName=NetD1_1 Pin=STA.TR1-2
Added Net: Name=NetD1_1
Added Pin To Net: NetName=NetD2_1 Pin=D2-1
Added Pin To Net: NetName=NetD2_1 Pin=R3-1
Added Net: Name=NetD2_1
Added Pin To Net: NetName=NetHD1_1 Pin=HD1-1
Added Pin To Net: NetName=NetHD1_1 Pin=RL1-3
Added Net: Name=NetHD1_1
Added Pin To Net: NetName=NetLCD1_3 Pin=LCD1-3
Added Pin To Net: NetName=NetLCD1_3 Pin=VR1-2
Added Net: Name=NetLCD1_3
Added Pin To Net: NetName=NetLCD1_15 Pin=LCD1-15
Added Pin To Net: NetName=NetLCD1_15 Pin=R1-1
Added Net: Name=NetLCD1_15
Added Pin To Net: NetName=NetR2_1 Pin=R2-1
Added Pin To Net: NetName=NetR2_1 Pin=U1-13
Added Net: Name=NetR2_1
Added Pin To Net: NetName=NetR3_2 Pin=R3-2
Added Pin To Net: NetName=NetR3_2 Pin=U1-2
Added Net: Name=NetR3_2
Added Pin To Net: NetName=ROW1 Pin=BAN PHIM-8
Added Pin To Net: NetName=ROW1 Pin=U1-5
Added Net: Name=ROW1
Added Pin To Net: NetName=ROW2 Pin=BAN PHIM-7
Added Pin To Net: NetName=ROW2 Pin=U1-6
Added Net: Name=ROW2
Added Pin To Net: NetName=ROW3 Pin=BAN PHIM-6
Added Pin To Net: NetName=ROW3 Pin=U1-7
Added Net: Name=ROW3
Added Pin To Net: NetName=ROW4 Pin=BAN PHIM-5
Added Pin To Net: NetName=ROW4 Pin=U1-8
Added Net: Name=ROW4
Added Pin To Net: NetName=RS Pin=LCD1-4
Added Pin To Net: NetName=RS Pin=U1-15
Added Net: Name=RS
Added Pin To Net: NetName=RST Pin=MRC522-7
Added Pin To Net: NetName=RST Pin=MRC522-8
Added Pin To Net: NetName=RST Pin=U1-18
Added Pin To Net: NetName=RST Pin=U1-40
Added Net: Name=RST
Added Pin To Net: NetName=RX Pin=CAM BIEN VAN TAY-2
Added Pin To Net: NetName=RX Pin=U1-27
Added Net: Name=RX
Added Pin To Net: NetName=SCK Pin=MRC522-2
Added Pin To Net: NetName=SCK Pin=U1-10
Added Net: Name=SCK
Added Pin To Net: NetName=SDA Pin=MRC522-1
Added Pin To Net: NetName=SDA Pin=U1-9
Added Net: Name=SDA
Added Pin To Net: NetName=TX Pin=CAM BIEN VAN TAY-3
Added Pin To Net: NetName=TX Pin=U1-26
Added Net: Name=TX
Added Class: Name=Sheet1
Added Room: Name=Sheet1
