Change Component Designator: Old Designator=BT? New Designator=BT1
Change Component Designator: Old Designator=BZZ? New Designator=BZZ1
Change Component Designator: Old Designator=C? New Designator=C1
Change Component Designator: Old Designator=C? New Designator=C2
Change Component Designator: Old Designator=C? New Designator=C3
Change Component Designator: Old Designator=C? New Designator=C4
Change Component Designator: Old Designator=C? New Designator=C5
Change Component Designator: Old Designator=D? New Designator=D1
Change Component Designator: Old Designator=D? New Designator=D2
Change Component Designator: Old Designator=HD? New Designator=HD1
Change Component Designator: Old Designator=IC? New Designator=IC1
Change Component Designator: Old Designator=JP? New Designator=JP1
Change Component Designator: Old Designator=JP? New Designator=JP2
Change Component Designator: Old Designator=JP? New Designator=JP3
Change Component Designator: Old Designator=LCD? New Designator=LCD1
Change Component Designator: Old Designator=ON/OFF New Designator=ON/OFF1
Change Component Designator: Old Designator=R? New Designator=R1
Change Component Designator: Old Designator=R? New Designator=R2
Change Component Designator: Old Designator=R? New Designator=R3
Change Component Designator: Old Designator=RL? New Designator=RL1
Change Component Designator: Old Designator=STA.TR? New Designator=STA.TR1
Change Component Designator: Old Designator=U New Designator=U1
Change Component Designator: Old Designator=VR? New Designator=VR1
